<?xml version="1.0" encoding="UTF-8"?>
<testng-results ignored="0" total="11" passed="8" failed="3" skipped="0">
  <reporter-output>
  </reporter-output>
  <suite started-at="2024-12-30T20:45:52 IST" name="Suite" finished-at="2024-12-30T20:48:06 IST" duration-ms="133993">
    <groups>
      <group name="Master">
        <method signature="TC105_EndToEndTest.BookingConfirmation()[pri:0, instance:testCases.TC105_EndToEndTest@4879dfad]" name="BookingConfirmation" class="testCases.TC105_EndToEndTest"/>
      </group> <!-- Master -->
      <group name="Functional">
        <method signature="TC105_BookedCancellationTest.BookedItinerary()[pri:0, instance:testCases.TC105_BookedCancellationTest@6986bbaf]" name="BookedItinerary" class="testCases.TC105_BookedCancellationTest"/>
        <method signature="TC105_BookingConfirmationTest.BookingConfirmation()[pri:0, instance:testCases.TC105_BookingConfirmationTest@b1712f3]" name="BookingConfirmation" class="testCases.TC105_BookingConfirmationTest"/>
      </group> <!-- Functional -->
      <group name="Sanity">
        <method signature="TC101_LoginTest.Validlogin()[pri:1, instance:testCases.TC101_LoginTest@5f0e9815]" name="Validlogin" class="testCases.TC101_LoginTest"/>
      </group> <!-- Sanity -->
      <group name="Regression">
        <method signature="TC102_SearchHotelsTest.Valid_Search()[pri:1, instance:testCases.TC102_SearchHotelsTest@6d3c5255]" name="Valid_Search" class="testCases.TC102_SearchHotelsTest"/>
        <method signature="TC102_SearchHotelsTest.MandatoryFields_Only()[pri:2, instance:testCases.TC102_SearchHotelsTest@6d3c5255]" name="MandatoryFields_Only" class="testCases.TC102_SearchHotelsTest"/>
        <method signature="TC102_SearchHotelsTest.Past_CheckInDate()[pri:3, instance:testCases.TC102_SearchHotelsTest@6d3c5255]" name="Past_CheckInDate" class="testCases.TC102_SearchHotelsTest"/>
        <method signature="TC102_SearchHotelsTest.CheckOut_Before()[pri:4, instance:testCases.TC102_SearchHotelsTest@6d3c5255]" name="CheckOut_Before" class="testCases.TC102_SearchHotelsTest"/>
        <method signature="TC102_SearchHotelsTest.InvalidDate()[pri:5, instance:testCases.TC102_SearchHotelsTest@6d3c5255]" name="InvalidDate" class="testCases.TC102_SearchHotelsTest"/>
        <method signature="TC102_SearchHotelsTest.InvalidDateFormat()[pri:6, instance:testCases.TC102_SearchHotelsTest@6d3c5255]" name="InvalidDateFormat" class="testCases.TC102_SearchHotelsTest"/>
        <method signature="TC102_SearchHotelsTest.withoutLocation()[pri:7, instance:testCases.TC102_SearchHotelsTest@6d3c5255]" name="withoutLocation" class="testCases.TC102_SearchHotelsTest"/>
      </group> <!-- Regression -->
    </groups>
    <test started-at="2024-12-30T20:45:52 IST" name="Test" finished-at="2024-12-30T20:48:06 IST" duration-ms="133993">
      <class name="testCases.TC105_EndToEndTest">
        <test-method is-config="true" signature="setup(java.lang.String,java.lang.String)[pri:0, instance:testCases.TC105_EndToEndTest@4879dfad]" started-at="2024-12-30T20:47:22 IST" name="setup" finished-at="2024-12-30T20:47:26 IST" duration-ms="4385" status="PASS">
          <params>
            <param index="0">
              <value>
                <![CDATA[Windows]]>
              </value>
            </param>
            <param index="1">
              <value>
                <![CDATA[chrome]]>
              </value>
            </param>
          </params>
          <reporter-output>
          </reporter-output>
        </test-method> <!-- setup -->
        <test-method signature="BookingConfirmation()[pri:0, instance:testCases.TC105_EndToEndTest@4879dfad]" started-at="2024-12-30T20:47:26 IST" name="BookingConfirmation" finished-at="2024-12-30T20:48:06 IST" duration-ms="40060" status="PASS">
          <reporter-output>
          </reporter-output>
        </test-method> <!-- BookingConfirmation -->
        <test-method is-config="true" signature="teardown()[pri:0, instance:testCases.TC105_EndToEndTest@4879dfad]" started-at="2024-12-30T20:48:06 IST" name="teardown" finished-at="2024-12-30T20:48:06 IST" duration-ms="426" status="PASS">
          <reporter-output>
          </reporter-output>
        </test-method> <!-- teardown -->
      </class> <!-- testCases.TC105_EndToEndTest -->
      <class name="testCases.TC105_BookedCancellationTest">
        <test-method is-config="true" signature="setup(java.lang.String,java.lang.String)[pri:0, instance:testCases.TC105_BookedCancellationTest@6986bbaf]" started-at="2024-12-30T20:46:53 IST" name="setup" finished-at="2024-12-30T20:46:57 IST" duration-ms="4316" status="PASS">
          <params>
            <param index="0">
              <value>
                <![CDATA[Windows]]>
              </value>
            </param>
            <param index="1">
              <value>
                <![CDATA[chrome]]>
              </value>
            </param>
          </params>
          <reporter-output>
          </reporter-output>
        </test-method> <!-- setup -->
        <test-method signature="BookedItinerary()[pri:0, instance:testCases.TC105_BookedCancellationTest@6986bbaf]" started-at="2024-12-30T20:46:57 IST" name="BookedItinerary" finished-at="2024-12-30T20:47:21 IST" duration-ms="23849" status="PASS">
          <reporter-output>
          </reporter-output>
        </test-method> <!-- BookedItinerary -->
        <test-method is-config="true" signature="teardown()[pri:0, instance:testCases.TC105_BookedCancellationTest@6986bbaf]" started-at="2024-12-30T20:47:21 IST" name="teardown" finished-at="2024-12-30T20:47:22 IST" duration-ms="410" status="PASS">
          <reporter-output>
          </reporter-output>
        </test-method> <!-- teardown -->
      </class> <!-- testCases.TC105_BookedCancellationTest -->
      <class name="testCases.TC102_SearchHotelsTest">
        <test-method is-config="true" signature="setup(java.lang.String,java.lang.String)[pri:0, instance:testCases.TC102_SearchHotelsTest@6d3c5255]" started-at="2024-12-30T20:46:00 IST" name="setup" finished-at="2024-12-30T20:46:04 IST" duration-ms="4488" status="PASS">
          <params>
            <param index="0">
              <value>
                <![CDATA[Windows]]>
              </value>
            </param>
            <param index="1">
              <value>
                <![CDATA[chrome]]>
              </value>
            </param>
          </params>
          <reporter-output>
          </reporter-output>
        </test-method> <!-- setup -->
        <test-method is-config="true" signature="Login()[pri:0, instance:testCases.TC102_SearchHotelsTest@6d3c5255]" started-at="2024-12-30T20:46:04 IST" name="Login" finished-at="2024-12-30T20:46:05 IST" duration-ms="1139" status="PASS">
          <reporter-output>
          </reporter-output>
        </test-method> <!-- Login -->
        <test-method signature="Valid_Search()[pri:1, instance:testCases.TC102_SearchHotelsTest@6d3c5255]" started-at="2024-12-30T20:46:05 IST" name="Valid_Search" finished-at="2024-12-30T20:46:06 IST" duration-ms="1131" status="PASS">
          <reporter-output>
          </reporter-output>
        </test-method> <!-- Valid_Search -->
        <test-method is-config="true" signature="logout()[pri:0, instance:testCases.TC102_SearchHotelsTest@6d3c5255]" started-at="2024-12-30T20:46:06 IST" name="logout" finished-at="2024-12-30T20:46:07 IST" duration-ms="791" status="PASS">
          <reporter-output>
          </reporter-output>
        </test-method> <!-- logout -->
        <test-method is-config="true" signature="Login()[pri:0, instance:testCases.TC102_SearchHotelsTest@6d3c5255]" started-at="2024-12-30T20:46:07 IST" name="Login" finished-at="2024-12-30T20:46:08 IST" duration-ms="800" status="PASS">
          <reporter-output>
          </reporter-output>
        </test-method> <!-- Login -->
        <test-method signature="MandatoryFields_Only()[pri:2, instance:testCases.TC102_SearchHotelsTest@6d3c5255]" started-at="2024-12-30T20:46:08 IST" name="MandatoryFields_Only" finished-at="2024-12-30T20:46:09 IST" duration-ms="819" status="PASS">
          <reporter-output>
          </reporter-output>
        </test-method> <!-- MandatoryFields_Only -->
        <test-method is-config="true" signature="logout()[pri:0, instance:testCases.TC102_SearchHotelsTest@6d3c5255]" started-at="2024-12-30T20:46:09 IST" name="logout" finished-at="2024-12-30T20:46:10 IST" duration-ms="761" status="PASS">
          <reporter-output>
          </reporter-output>
        </test-method> <!-- logout -->
        <test-method is-config="true" signature="Login()[pri:0, instance:testCases.TC102_SearchHotelsTest@6d3c5255]" started-at="2024-12-30T20:46:10 IST" name="Login" finished-at="2024-12-30T20:46:10 IST" duration-ms="791" status="PASS">
          <reporter-output>
          </reporter-output>
        </test-method> <!-- Login -->
        <test-method signature="Past_CheckInDate()[pri:3, instance:testCases.TC102_SearchHotelsTest@6d3c5255]" started-at="2024-12-30T20:46:10 IST" name="Past_CheckInDate" finished-at="2024-12-30T20:46:11 IST" duration-ms="217" status="PASS">
          <reporter-output>
          </reporter-output>
        </test-method> <!-- Past_CheckInDate -->
        <test-method is-config="true" signature="logout()[pri:0, instance:testCases.TC102_SearchHotelsTest@6d3c5255]" started-at="2024-12-30T20:46:11 IST" name="logout" finished-at="2024-12-30T20:46:11 IST" duration-ms="742" status="PASS">
          <reporter-output>
          </reporter-output>
        </test-method> <!-- logout -->
        <test-method is-config="true" signature="Login()[pri:0, instance:testCases.TC102_SearchHotelsTest@6d3c5255]" started-at="2024-12-30T20:46:11 IST" name="Login" finished-at="2024-12-30T20:46:12 IST" duration-ms="838" status="PASS">
          <reporter-output>
          </reporter-output>
        </test-method> <!-- Login -->
        <test-method signature="CheckOut_Before()[pri:4, instance:testCases.TC102_SearchHotelsTest@6d3c5255]" started-at="2024-12-30T20:46:12 IST" name="CheckOut_Before" finished-at="2024-12-30T20:46:12 IST" duration-ms="305" status="FAIL">
          <exception class="java.lang.AssertionError">
            <message>
              <![CDATA[expected [Check-In Date should be either Today or Later Date] but found [Check-In Date shall be before than Check-Out Date]]]>
            </message>
            <full-stacktrace>
              <![CDATA[java.lang.AssertionError: expected [Check-In Date should be either Today or Later Date] but found [Check-In Date shall be before than Check-Out Date]
at org.testng.Assert.fail(Assert.java:111)
at org.testng.Assert.failNotEquals(Assert.java:1578)
at org.testng.Assert.assertEqualsImpl(Assert.java:150)
at org.testng.Assert.assertEquals(Assert.java:132)
at org.testng.Assert.assertEquals(Assert.java:656)
at org.testng.Assert.assertEquals(Assert.java:666)
at testCases.TC102_SearchHotelsTest.CheckOut_Before(TC102_SearchHotelsTest.java:87)
at java.base/jdk.internal.reflect.DirectMethodHandleAccessor.invoke(DirectMethodHandleAccessor.java:103)
at java.base/java.lang.reflect.Method.invoke(Method.java:580)
at org.testng.internal.invokers.MethodInvocationHelper.invokeMethod(MethodInvocationHelper.java:141)
at org.testng.internal.invokers.TestInvoker.invokeMethod(TestInvoker.java:686)
at org.testng.internal.invokers.TestInvoker.invokeTestMethod(TestInvoker.java:230)
at org.testng.internal.invokers.MethodRunner.runInSequence(MethodRunner.java:63)
at org.testng.internal.invokers.TestInvoker$MethodInvocationAgent.invoke(TestInvoker.java:992)
at org.testng.internal.invokers.TestInvoker.invokeTestMethods(TestInvoker.java:203)
at org.testng.internal.invokers.TestMethodWorker.invokeTestMethods(TestMethodWorker.java:154)
at org.testng.internal.invokers.TestMethodWorker.run(TestMethodWorker.java:134)
at java.base/java.util.ArrayList.forEach(ArrayList.java:1597)
at org.testng.TestRunner.privateRun(TestRunner.java:739)
at org.testng.TestRunner.run(TestRunner.java:614)
at org.testng.SuiteRunner.runTest(SuiteRunner.java:421)
at org.testng.SuiteRunner.runSequentially(SuiteRunner.java:413)
at org.testng.SuiteRunner.privateRun(SuiteRunner.java:373)
at org.testng.SuiteRunner.run(SuiteRunner.java:312)
at org.testng.SuiteRunnerWorker.runSuite(SuiteRunnerWorker.java:52)
at org.testng.SuiteRunnerWorker.run(SuiteRunnerWorker.java:95)
at org.testng.TestNG.runSuitesSequentially(TestNG.java:1274)
at org.testng.TestNG.runSuitesLocally(TestNG.java:1208)
at org.testng.TestNG.runSuites(TestNG.java:1112)
at org.testng.TestNG.run(TestNG.java:1079)
at org.testng.remote.AbstractRemoteTestNG.run(AbstractRemoteTestNG.java:115)
at org.testng.remote.RemoteTestNG.initAndRun(RemoteTestNG.java:293)
at org.testng.remote.RemoteTestNG.main(RemoteTestNG.java:91)
]]>
            </full-stacktrace>
          </exception> <!-- java.lang.AssertionError -->
          <reporter-output>
          </reporter-output>
        </test-method> <!-- CheckOut_Before -->
        <test-method is-config="true" signature="logout()[pri:0, instance:testCases.TC102_SearchHotelsTest@6d3c5255]" started-at="2024-12-30T20:46:13 IST" name="logout" finished-at="2024-12-30T20:46:13 IST" duration-ms="764" status="PASS">
          <reporter-output>
          </reporter-output>
        </test-method> <!-- logout -->
        <test-method is-config="true" signature="Login()[pri:0, instance:testCases.TC102_SearchHotelsTest@6d3c5255]" started-at="2024-12-30T20:46:13 IST" name="Login" finished-at="2024-12-30T20:46:14 IST" duration-ms="818" status="PASS">
          <reporter-output>
          </reporter-output>
        </test-method> <!-- Login -->
        <test-method signature="InvalidDate()[pri:5, instance:testCases.TC102_SearchHotelsTest@6d3c5255]" started-at="2024-12-30T20:46:14 IST" name="InvalidDate" finished-at="2024-12-30T20:46:15 IST" duration-ms="289" status="FAIL">
          <exception class="java.lang.AssertionError">
            <message>
              <![CDATA[expected [Check-In Date should be either Today or Later Date] but found [Date should be in correct format]]]>
            </message>
            <full-stacktrace>
              <![CDATA[java.lang.AssertionError: expected [Check-In Date should be either Today or Later Date] but found [Date should be in correct format]
at org.testng.Assert.fail(Assert.java:111)
at org.testng.Assert.failNotEquals(Assert.java:1578)
at org.testng.Assert.assertEqualsImpl(Assert.java:150)
at org.testng.Assert.assertEquals(Assert.java:132)
at org.testng.Assert.assertEquals(Assert.java:656)
at org.testng.Assert.assertEquals(Assert.java:666)
at testCases.TC102_SearchHotelsTest.InvalidDate(TC102_SearchHotelsTest.java:101)
at java.base/jdk.internal.reflect.DirectMethodHandleAccessor.invoke(DirectMethodHandleAccessor.java:103)
at java.base/java.lang.reflect.Method.invoke(Method.java:580)
at org.testng.internal.invokers.MethodInvocationHelper.invokeMethod(MethodInvocationHelper.java:141)
at org.testng.internal.invokers.TestInvoker.invokeMethod(TestInvoker.java:686)
at org.testng.internal.invokers.TestInvoker.invokeTestMethod(TestInvoker.java:230)
at org.testng.internal.invokers.MethodRunner.runInSequence(MethodRunner.java:63)
at org.testng.internal.invokers.TestInvoker$MethodInvocationAgent.invoke(TestInvoker.java:992)
at org.testng.internal.invokers.TestInvoker.invokeTestMethods(TestInvoker.java:203)
at org.testng.internal.invokers.TestMethodWorker.invokeTestMethods(TestMethodWorker.java:154)
at org.testng.internal.invokers.TestMethodWorker.run(TestMethodWorker.java:134)
at java.base/java.util.ArrayList.forEach(ArrayList.java:1597)
at org.testng.TestRunner.privateRun(TestRunner.java:739)
at org.testng.TestRunner.run(TestRunner.java:614)
at org.testng.SuiteRunner.runTest(SuiteRunner.java:421)
at org.testng.SuiteRunner.runSequentially(SuiteRunner.java:413)
at org.testng.SuiteRunner.privateRun(SuiteRunner.java:373)
at org.testng.SuiteRunner.run(SuiteRunner.java:312)
at org.testng.SuiteRunnerWorker.runSuite(SuiteRunnerWorker.java:52)
at org.testng.SuiteRunnerWorker.run(SuiteRunnerWorker.java:95)
at org.testng.TestNG.runSuitesSequentially(TestNG.java:1274)
at org.testng.TestNG.runSuitesLocally(TestNG.java:1208)
at org.testng.TestNG.runSuites(TestNG.java:1112)
at org.testng.TestNG.run(TestNG.java:1079)
at org.testng.remote.AbstractRemoteTestNG.run(AbstractRemoteTestNG.java:115)
at org.testng.remote.RemoteTestNG.initAndRun(RemoteTestNG.java:293)
at org.testng.remote.RemoteTestNG.main(RemoteTestNG.java:91)
]]>
            </full-stacktrace>
          </exception> <!-- java.lang.AssertionError -->
          <reporter-output>
          </reporter-output>
        </test-method> <!-- InvalidDate -->
        <test-method is-config="true" signature="logout()[pri:0, instance:testCases.TC102_SearchHotelsTest@6d3c5255]" started-at="2024-12-30T20:46:15 IST" name="logout" finished-at="2024-12-30T20:46:15 IST" duration-ms="778" status="PASS">
          <reporter-output>
          </reporter-output>
        </test-method> <!-- logout -->
        <test-method is-config="true" signature="Login()[pri:0, instance:testCases.TC102_SearchHotelsTest@6d3c5255]" started-at="2024-12-30T20:46:15 IST" name="Login" finished-at="2024-12-30T20:46:16 IST" duration-ms="812" status="PASS">
          <reporter-output>
          </reporter-output>
        </test-method> <!-- Login -->
        <test-method signature="InvalidDateFormat()[pri:6, instance:testCases.TC102_SearchHotelsTest@6d3c5255]" started-at="2024-12-30T20:46:16 IST" name="InvalidDateFormat" finished-at="2024-12-30T20:46:27 IST" duration-ms="10646" status="FAIL">
          <exception class="org.openqa.selenium.NoSuchElementException">
            <message>
              <![CDATA[no such element: Unable to locate element: {"method":"css selector","selector":"#checkin_span"}
  (Session info: chrome=131.0.6778.140)
For documentation on this error, please visit: https://www.selenium.dev/documentation/webdriver/troubleshooting/errors#no-such-element-exception
Build info: version: '4.26.0', revision: '8ccf0219d7'
System info: os.name: 'Windows 11', os.arch: 'amd64', os.version: '10.0', java.version: '23'
Driver info: org.openqa.selenium.chrome.ChromeDriver
Command: [6ad71f54a6ad7d23ae4535811756e896, findElement {value=checkin_span, using=id}]
Capabilities {acceptInsecureCerts: false, browserName: chrome, browserVersion: 131.0.6778.140, chrome: {chromedriverVersion: 131.0.6778.204 (52183f9e99a..., userDataDir: C:\Users\nchilaka\AppData\L...}, fedcm:accounts: true, goog:chromeOptions: {debuggerAddress: localhost:62934}, networkConnectionEnabled: false, pageLoadStrategy: normal, platformName: windows, proxy: Proxy(), se:cdp: ws://localhost:62934/devtoo..., se:cdpVersion: 131.0.6778.140, setWindowRect: true, strictFileInteractability: false, timeouts: {implicit: 0, pageLoad: 300000, script: 30000}, unhandledPromptBehavior: dismiss and notify, webauthn:extension:credBlob: true, webauthn:extension:largeBlob: true, webauthn:extension:minPinLength: true, webauthn:extension:prf: true, webauthn:virtualAuthenticators: true}
Session ID: 6ad71f54a6ad7d23ae4535811756e896]]>
            </message>
            <full-stacktrace>
              <![CDATA[org.openqa.selenium.NoSuchElementException: no such element: Unable to locate element: {"method":"css selector","selector":"#checkin_span"}
  (Session info: chrome=131.0.6778.140)
For documentation on this error, please visit: https://www.selenium.dev/documentation/webdriver/troubleshooting/errors#no-such-element-exception
Build info: version: '4.26.0', revision: '8ccf0219d7'
System info: os.name: 'Windows 11', os.arch: 'amd64', os.version: '10.0', java.version: '23'
Driver info: org.openqa.selenium.chrome.ChromeDriver
Command: [6ad71f54a6ad7d23ae4535811756e896, findElement {value=checkin_span, using=id}]
Capabilities {acceptInsecureCerts: false, browserName: chrome, browserVersion: 131.0.6778.140, chrome: {chromedriverVersion: 131.0.6778.204 (52183f9e99a..., userDataDir: C:\Users\nchilaka\AppData\L...}, fedcm:accounts: true, goog:chromeOptions: {debuggerAddress: localhost:62934}, networkConnectionEnabled: false, pageLoadStrategy: normal, platformName: windows, proxy: Proxy(), se:cdp: ws://localhost:62934/devtoo..., se:cdpVersion: 131.0.6778.140, setWindowRect: true, strictFileInteractability: false, timeouts: {implicit: 0, pageLoad: 300000, script: 30000}, unhandledPromptBehavior: dismiss and notify, webauthn:extension:credBlob: true, webauthn:extension:largeBlob: true, webauthn:extension:minPinLength: true, webauthn:extension:prf: true, webauthn:virtualAuthenticators: true}
Session ID: 6ad71f54a6ad7d23ae4535811756e896
at java.base/jdk.internal.reflect.DirectConstructorHandleAccessor.newInstance(DirectConstructorHandleAccessor.java:62)
at java.base/java.lang.reflect.Constructor.newInstanceWithCaller(Constructor.java:501)
at java.base/java.lang.reflect.Constructor.newInstance(Constructor.java:485)
at org.openqa.selenium.remote.ErrorCodec.decode(ErrorCodec.java:167)
at org.openqa.selenium.remote.codec.w3c.W3CHttpResponseCodec.decode(W3CHttpResponseCodec.java:138)
at org.openqa.selenium.remote.codec.w3c.W3CHttpResponseCodec.decode(W3CHttpResponseCodec.java:50)
at org.openqa.selenium.remote.HttpCommandExecutor.execute(HttpCommandExecutor.java:190)
at org.openqa.selenium.remote.service.DriverCommandExecutor.invokeExecute(DriverCommandExecutor.java:216)
at org.openqa.selenium.remote.service.DriverCommandExecutor.execute(DriverCommandExecutor.java:174)
at org.openqa.selenium.remote.RemoteWebDriver.execute(RemoteWebDriver.java:545)
at org.openqa.selenium.remote.ElementLocation$ElementFinder$2.findElement(ElementLocation.java:165)
at org.openqa.selenium.remote.ElementLocation.findElement(ElementLocation.java:59)
at org.openqa.selenium.remote.RemoteWebDriver.findElement(RemoteWebDriver.java:368)
at org.openqa.selenium.remote.RemoteWebDriver.findElement(RemoteWebDriver.java:362)
at org.openqa.selenium.support.pagefactory.DefaultElementLocator.findElement(DefaultElementLocator.java:68)
at org.openqa.selenium.support.pagefactory.internal.LocatingElementHandler.invoke(LocatingElementHandler.java:38)
at jdk.proxy2/jdk.proxy2.$Proxy32.getText(Unknown Source)
at pageObjects.SearchHotelPage.get_errorMsgIncorrectDate(SearchHotelPage.java:130)
at testCases.TC102_SearchHotelsTest.InvalidDateFormat(TC102_SearchHotelsTest.java:115)
at java.base/jdk.internal.reflect.DirectMethodHandleAccessor.invoke(DirectMethodHandleAccessor.java:103)
at java.base/java.lang.reflect.Method.invoke(Method.java:580)
at org.testng.internal.invokers.MethodInvocationHelper.invokeMethod(MethodInvocationHelper.java:141)
at org.testng.internal.invokers.TestInvoker.invokeMethod(TestInvoker.java:686)
at org.testng.internal.invokers.TestInvoker.invokeTestMethod(TestInvoker.java:230)
at org.testng.internal.invokers.MethodRunner.runInSequence(MethodRunner.java:63)
at org.testng.internal.invokers.TestInvoker$MethodInvocationAgent.invoke(TestInvoker.java:992)
at org.testng.internal.invokers.TestInvoker.invokeTestMethods(TestInvoker.java:203)
at org.testng.internal.invokers.TestMethodWorker.invokeTestMethods(TestMethodWorker.java:154)
at org.testng.internal.invokers.TestMethodWorker.run(TestMethodWorker.java:134)
at java.base/java.util.ArrayList.forEach(ArrayList.java:1597)
at org.testng.TestRunner.privateRun(TestRunner.java:739)
at org.testng.TestRunner.run(TestRunner.java:614)
at org.testng.SuiteRunner.runTest(SuiteRunner.java:421)
at org.testng.SuiteRunner.runSequentially(SuiteRunner.java:413)
at org.testng.SuiteRunner.privateRun(SuiteRunner.java:373)
at org.testng.SuiteRunner.run(SuiteRunner.java:312)
at org.testng.SuiteRunnerWorker.runSuite(SuiteRunnerWorker.java:52)
at org.testng.SuiteRunnerWorker.run(SuiteRunnerWorker.java:95)
at org.testng.TestNG.runSuitesSequentially(TestNG.java:1274)
at org.testng.TestNG.runSuitesLocally(TestNG.java:1208)
at org.testng.TestNG.runSuites(TestNG.java:1112)
at org.testng.TestNG.run(TestNG.java:1079)
at org.testng.remote.AbstractRemoteTestNG.run(AbstractRemoteTestNG.java:115)
at org.testng.remote.RemoteTestNG.initAndRun(RemoteTestNG.java:293)
at org.testng.remote.RemoteTestNG.main(RemoteTestNG.java:91)
]]>
            </full-stacktrace>
          </exception> <!-- org.openqa.selenium.NoSuchElementException -->
          <reporter-output>
          </reporter-output>
        </test-method> <!-- InvalidDateFormat -->
        <test-method is-config="true" signature="logout()[pri:0, instance:testCases.TC102_SearchHotelsTest@6d3c5255]" started-at="2024-12-30T20:46:27 IST" name="logout" finished-at="2024-12-30T20:46:28 IST" duration-ms="782" status="PASS">
          <reporter-output>
          </reporter-output>
        </test-method> <!-- logout -->
        <test-method is-config="true" signature="Login()[pri:0, instance:testCases.TC102_SearchHotelsTest@6d3c5255]" started-at="2024-12-30T20:46:28 IST" name="Login" finished-at="2024-12-30T20:46:29 IST" duration-ms="799" status="PASS">
          <reporter-output>
          </reporter-output>
        </test-method> <!-- Login -->
        <test-method signature="withoutLocation()[pri:7, instance:testCases.TC102_SearchHotelsTest@6d3c5255]" started-at="2024-12-30T20:46:29 IST" name="withoutLocation" finished-at="2024-12-30T20:46:29 IST" duration-ms="363" status="PASS">
          <reporter-output>
          </reporter-output>
        </test-method> <!-- withoutLocation -->
        <test-method is-config="true" signature="logout()[pri:0, instance:testCases.TC102_SearchHotelsTest@6d3c5255]" started-at="2024-12-30T20:46:29 IST" name="logout" finished-at="2024-12-30T20:46:30 IST" duration-ms="749" status="PASS">
          <reporter-output>
          </reporter-output>
        </test-method> <!-- logout -->
        <test-method is-config="true" signature="teardown()[pri:0, instance:testCases.TC102_SearchHotelsTest@6d3c5255]" started-at="2024-12-30T20:46:30 IST" name="teardown" finished-at="2024-12-30T20:46:30 IST" duration-ms="401" status="PASS">
          <reporter-output>
          </reporter-output>
        </test-method> <!-- teardown -->
      </class> <!-- testCases.TC102_SearchHotelsTest -->
      <class name="testCases.TC105_BookingConfirmationTest">
        <test-method is-config="true" signature="setup(java.lang.String,java.lang.String)[pri:0, instance:testCases.TC105_BookingConfirmationTest@b1712f3]" started-at="2024-12-30T20:46:30 IST" name="setup" finished-at="2024-12-30T20:46:35 IST" duration-ms="4399" status="PASS">
          <params>
            <param index="0">
              <value>
                <![CDATA[Windows]]>
              </value>
            </param>
            <param index="1">
              <value>
                <![CDATA[chrome]]>
              </value>
            </param>
          </params>
          <reporter-output>
          </reporter-output>
        </test-method> <!-- setup -->
        <test-method signature="BookingConfirmation()[pri:0, instance:testCases.TC105_BookingConfirmationTest@b1712f3]" started-at="2024-12-30T20:46:35 IST" name="BookingConfirmation" finished-at="2024-12-30T20:46:53 IST" duration-ms="17952" status="PASS">
          <reporter-output>
          </reporter-output>
        </test-method> <!-- BookingConfirmation -->
        <test-method is-config="true" signature="teardown()[pri:0, instance:testCases.TC105_BookingConfirmationTest@b1712f3]" started-at="2024-12-30T20:46:53 IST" name="teardown" finished-at="2024-12-30T20:46:53 IST" duration-ms="444" status="PASS">
          <reporter-output>
          </reporter-output>
        </test-method> <!-- teardown -->
      </class> <!-- testCases.TC105_BookingConfirmationTest -->
      <class name="testCases.TC101_LoginTest">
        <test-method is-config="true" signature="setup(java.lang.String,java.lang.String)[pri:0, instance:testCases.TC101_LoginTest@5f0e9815]" started-at="2024-12-30T20:45:53 IST" name="setup" finished-at="2024-12-30T20:45:57 IST" duration-ms="4729" status="PASS">
          <params>
            <param index="0">
              <value>
                <![CDATA[Windows]]>
              </value>
            </param>
            <param index="1">
              <value>
                <![CDATA[chrome]]>
              </value>
            </param>
          </params>
          <reporter-output>
          </reporter-output>
        </test-method> <!-- setup -->
        <test-method signature="Validlogin()[pri:1, instance:testCases.TC101_LoginTest@5f0e9815]" started-at="2024-12-30T20:45:57 IST" name="Validlogin" finished-at="2024-12-30T20:45:59 IST" duration-ms="1928" status="PASS">
          <reporter-output>
          </reporter-output>
        </test-method> <!-- Validlogin -->
        <test-method is-config="true" signature="teardown()[pri:0, instance:testCases.TC101_LoginTest@5f0e9815]" started-at="2024-12-30T20:45:59 IST" name="teardown" finished-at="2024-12-30T20:46:00 IST" duration-ms="363" status="PASS">
          <reporter-output>
          </reporter-output>
        </test-method> <!-- teardown -->
      </class> <!-- testCases.TC101_LoginTest -->
    </test> <!-- Test -->
  </suite> <!-- Suite -->
</testng-results>
